
ROM used:   1175/8192 (14%)
            1175/8192 (14%) including unused fragments

            0.9 Average locations per line
            6.8 Average locations per statement

RAM used:   7/368 (2%) at main() level
            28/368 (8%) worst case

Stack used: 5 worst case (5 in main + 0 for interrupts)
Stack size: 8

Lines Stmts  %   Files
----- ----- ---  -----
  109    74  43  dist.c
  751     0   0  ..\..\..\..\..\Program Files (x86)\PICC\Devices\16F886.h
  456   100  57  ..\..\..\..\..\Program Files (x86)\PICC\Drivers\lcd.c
----- -----
 1316   174 Total

Page ROM  %  RAM   Vol Diff  Functions:
---- --- --- ---   --- ----  ----------
0     21   2    1             @delay_ms1
 Inline         3   760  4.5  lcd_read_byte
0     49   4    2   262  3.7  lcd_read_nibble
0     43   4    1   399  2.4  lcd_send_nibble
0     92   8    3   415  3.7  lcd_send_byte
0     70   6    6   852  6.2  lcd_init
0     18   2    4   208  6.3  lcd_gotoxy
0     44   4    1   354  4.7  lcd_putc
0     55   5    4   383  4.7  get_dist
0    436  37    1  2148  6.8  MAIN
0      9   1    0             @const656
0     88   7    4             @PSTRINGC7_637
0     10   1    0             @const660
0     87   7    5             @PSTRINGCN7_637
0     99   8    9             @PRINTF_LU_637
0     10   1    0             @const666
0     10   1    0             @const668
0     10   1    0             @const670
0     10   1    0             @const672
0     10   1    0             @const674
 Inline         0             @cinit1

Program metrics:
    Functions               9
    Statements              174
    Comments                232
    Volume (V)              8522
    Difficulty (D)          41.3
    Effort to implement (E) 351886
    Time to implement (T)   5 hours, 26 minutes
    Est Delivered Bugs (B)  2
    Cyclomatic Complexity   15
    Maintainability (MI)    137

 Segment     Used  Free
-----------  ----  ----
00000-00003     4  0  
00004-007FF  1171  873  
00800-00FFF     0  2048  
01000-017FF     0  2048  
01800-01FFF     0  2048  



